[2021-05-05 17:14:34,250] INFO [Controller id=0] Processing automatic preferred replica leader election (kafka.controller.KafkaController)
[2021-05-05 17:14:34,251] TRACE [Controller id=0] Checking need to trigger auto leader balancing (kafka.controller.KafkaController)
[2021-05-05 17:14:34,252] DEBUG [Controller id=0] Topics not in preferred replica for broker 0 HashMap() (kafka.controller.KafkaController)
[2021-05-05 17:14:34,252] TRACE [Controller id=0] Leader imbalance ratio for broker 0 is 0.0 (kafka.controller.KafkaController)
[2021-05-05 17:14:34,252] DEBUG [Controller id=0] Topics not in preferred replica for broker 1 HashMap() (kafka.controller.KafkaController)
[2021-05-05 17:14:34,252] TRACE [Controller id=0] Leader imbalance ratio for broker 1 is 0.0 (kafka.controller.KafkaController)
[2021-05-05 17:14:35,744] INFO [Controller id=0] New topics: [Set(erstesTopic)], deleted topics: [HashSet()], new partition replica assignment [Set(TopicIdReplicaAssignment(erstesTopic,Some(aO-7JyktR8W7_VZyRacT5A),Map(erstesTopic-0 -> ReplicaAssignment(replicas=0, addingReplicas=, removingReplicas=))))] (kafka.controller.KafkaController)
[2021-05-05 17:14:35,744] INFO [Controller id=0] New partition creation callback for erstesTopic-0 (kafka.controller.KafkaController)
[2021-05-05 17:14:35,759] INFO [RequestSendThread controllerId=0] Controller 0 connected to localhost:9092 (id: 0 rack: null) for sending state change requests (kafka.controller.RequestSendThread)
[2021-05-05 17:14:35,760] INFO [RequestSendThread controllerId=0] Controller 0 connected to localhost:9091 (id: 1 rack: null) for sending state change requests (kafka.controller.RequestSendThread)
[2021-05-05 17:19:34,253] INFO [Controller id=0] Processing automatic preferred replica leader election (kafka.controller.KafkaController)
[2021-05-05 17:19:34,253] TRACE [Controller id=0] Checking need to trigger auto leader balancing (kafka.controller.KafkaController)
[2021-05-05 17:19:34,257] DEBUG [Controller id=0] Topics not in preferred replica for broker 0 HashMap() (kafka.controller.KafkaController)
[2021-05-05 17:19:34,257] TRACE [Controller id=0] Leader imbalance ratio for broker 0 is 0.0 (kafka.controller.KafkaController)
[2021-05-05 17:19:34,258] DEBUG [Controller id=0] Topics not in preferred replica for broker 1 HashMap() (kafka.controller.KafkaController)
[2021-05-05 17:19:34,258] TRACE [Controller id=0] Leader imbalance ratio for broker 1 is 0.0 (kafka.controller.KafkaController)
[2021-05-05 17:24:34,258] INFO [Controller id=0] Processing automatic preferred replica leader election (kafka.controller.KafkaController)
[2021-05-05 17:24:34,259] TRACE [Controller id=0] Checking need to trigger auto leader balancing (kafka.controller.KafkaController)
[2021-05-05 17:24:34,262] DEBUG [Controller id=0] Topics not in preferred replica for broker 0 HashMap() (kafka.controller.KafkaController)
[2021-05-05 17:24:34,262] TRACE [Controller id=0] Leader imbalance ratio for broker 0 is 0.0 (kafka.controller.KafkaController)
[2021-05-05 17:24:34,262] DEBUG [Controller id=0] Topics not in preferred replica for broker 1 HashMap() (kafka.controller.KafkaController)
[2021-05-05 17:24:34,263] TRACE [Controller id=0] Leader imbalance ratio for broker 1 is 0.0 (kafka.controller.KafkaController)
[2021-05-05 17:29:34,263] INFO [Controller id=0] Processing automatic preferred replica leader election (kafka.controller.KafkaController)
[2021-05-05 17:29:34,264] TRACE [Controller id=0] Checking need to trigger auto leader balancing (kafka.controller.KafkaController)
[2021-05-05 17:29:34,265] DEBUG [Controller id=0] Topics not in preferred replica for broker 0 HashMap() (kafka.controller.KafkaController)
[2021-05-05 17:29:34,266] TRACE [Controller id=0] Leader imbalance ratio for broker 0 is 0.0 (kafka.controller.KafkaController)
[2021-05-05 17:29:34,266] DEBUG [Controller id=0] Topics not in preferred replica for broker 1 HashMap() (kafka.controller.KafkaController)
[2021-05-05 17:29:34,266] TRACE [Controller id=0] Leader imbalance ratio for broker 1 is 0.0 (kafka.controller.KafkaController)
[2021-05-05 17:34:34,267] INFO [Controller id=0] Processing automatic preferred replica leader election (kafka.controller.KafkaController)
[2021-05-05 17:34:34,268] TRACE [Controller id=0] Checking need to trigger auto leader balancing (kafka.controller.KafkaController)
[2021-05-05 17:34:34,270] DEBUG [Controller id=0] Topics not in preferred replica for broker 0 HashMap() (kafka.controller.KafkaController)
[2021-05-05 17:34:34,270] TRACE [Controller id=0] Leader imbalance ratio for broker 0 is 0.0 (kafka.controller.KafkaController)
[2021-05-05 17:34:34,270] DEBUG [Controller id=0] Topics not in preferred replica for broker 1 HashMap() (kafka.controller.KafkaController)
[2021-05-05 17:34:34,270] TRACE [Controller id=0] Leader imbalance ratio for broker 1 is 0.0 (kafka.controller.KafkaController)
[2021-05-05 17:39:34,271] INFO [Controller id=0] Processing automatic preferred replica leader election (kafka.controller.KafkaController)
[2021-05-05 17:39:34,271] TRACE [Controller id=0] Checking need to trigger auto leader balancing (kafka.controller.KafkaController)
[2021-05-05 17:39:34,273] DEBUG [Controller id=0] Topics not in preferred replica for broker 0 HashMap() (kafka.controller.KafkaController)
[2021-05-05 17:39:34,273] TRACE [Controller id=0] Leader imbalance ratio for broker 0 is 0.0 (kafka.controller.KafkaController)
[2021-05-05 17:39:34,273] DEBUG [Controller id=0] Topics not in preferred replica for broker 1 HashMap() (kafka.controller.KafkaController)
[2021-05-05 17:39:34,273] TRACE [Controller id=0] Leader imbalance ratio for broker 1 is 0.0 (kafka.controller.KafkaController)
[2021-05-05 17:44:34,274] INFO [Controller id=0] Processing automatic preferred replica leader election (kafka.controller.KafkaController)
[2021-05-05 17:44:34,274] TRACE [Controller id=0] Checking need to trigger auto leader balancing (kafka.controller.KafkaController)
[2021-05-05 17:44:34,276] DEBUG [Controller id=0] Topics not in preferred replica for broker 0 HashMap() (kafka.controller.KafkaController)
[2021-05-05 17:44:34,277] TRACE [Controller id=0] Leader imbalance ratio for broker 0 is 0.0 (kafka.controller.KafkaController)
[2021-05-05 17:44:34,277] DEBUG [Controller id=0] Topics not in preferred replica for broker 1 HashMap() (kafka.controller.KafkaController)
[2021-05-05 17:44:34,277] TRACE [Controller id=0] Leader imbalance ratio for broker 1 is 0.0 (kafka.controller.KafkaController)
[2021-05-05 17:49:34,278] INFO [Controller id=0] Processing automatic preferred replica leader election (kafka.controller.KafkaController)
[2021-05-05 17:49:34,278] TRACE [Controller id=0] Checking need to trigger auto leader balancing (kafka.controller.KafkaController)
[2021-05-05 17:49:34,279] DEBUG [Controller id=0] Topics not in preferred replica for broker 0 HashMap() (kafka.controller.KafkaController)
[2021-05-05 17:49:34,279] TRACE [Controller id=0] Leader imbalance ratio for broker 0 is 0.0 (kafka.controller.KafkaController)
[2021-05-05 17:49:34,280] DEBUG [Controller id=0] Topics not in preferred replica for broker 1 HashMap() (kafka.controller.KafkaController)
[2021-05-05 17:49:34,280] TRACE [Controller id=0] Leader imbalance ratio for broker 1 is 0.0 (kafka.controller.KafkaController)
